<?xml version="1.0" encoding="UTF-8"?>
<!-- Generated by org.testng.reporters.JUnitReportReporter -->
<testsuite hostname="DESKTOP-0T3LLVM" failures="0" tests="5" name="com.exelenter.testcases.AddEmployeeFromExcel" time="72.568" errors="0" timestamp="2023-02-26T20:38:15 EST" skipped="0">
  <testcase classname="com.exelenter.testcases.AddEmployeeFromExcel" name="addEmployeeTest" time="15.937"/>
  <system-out/>
  <testcase classname="com.exelenter.testcases.AddEmployeeFromExcel" name="addEmployeeTest" time="14.694"/>
  <system-out/>
  <testcase classname="com.exelenter.testcases.AddEmployeeFromExcel" name="addEmployeeTest" time="15.915"/>
  <system-out/>
  <testcase classname="com.exelenter.testcases.AddEmployeeFromExcel" name="addEmployeeTest" time="12.362"/>
  <system-out/>
  <testcase classname="com.exelenter.testcases.AddEmployeeFromExcel" name="addEmployeeTest" time="13.660"/>
  <system-out/>
</testsuite> <!-- com.exelenter.testcases.AddEmployeeFromExcel -->
