<?xml version="1.0" encoding="UTF-8"?>
<!-- Generated by org.testng.reporters.JUnitReportReporter -->
<testsuite hostname="DESKTOP-0T3LLVM" failures="0" tests="1" name="com.exelenter.testcases.SampleTesting" time="0.008" errors="0" timestamp="2023-03-01T23:24:57 EST" skipped="0">
  <testcase classname="com.exelenter.testcases.SampleTesting" name="printHi" time="0.008"/>
  <system-out/>
</testsuite> <!-- com.exelenter.testcases.SampleTesting -->
