<?xml version="1.0" encoding="UTF-8"?>
<!-- Generated by org.testng.reporters.JUnitReportReporter -->
<testsuite hostname="DESKTOP-0T3LLVM" failures="0" tests="3" name="com.exelenter.testcases.LoginTest" time="17.812" errors="0" timestamp="2023-02-26T20:43:43 EST" skipped="0">
  <testcase classname="com.exelenter.testcases.LoginTest" name="validUserAnEmptyPassword" time="8.483"/>
  <system-out/>
  <testcase classname="com.exelenter.testcases.LoginTest" name="validUserInvalidPassword" time="4.441"/>
  <system-out/>
  <testcase classname="com.exelenter.testcases.LoginTest" name="validAdminLogin" time="4.888"/>
  <system-out/>
</testsuite> <!-- com.exelenter.testcases.LoginTest -->
