<?xml version="1.0" encoding="UTF-8"?>
<!-- Generated by org.testng.reporters.JUnitReportReporter -->
<testsuite hostname="DESKTOP-0T3LLVM" failures="0" tests="1" name="com.exelenter.testcases.LoginTest" time="6.897" errors="0" timestamp="2023-02-27T22:25:46 EST" skipped="0">
  <testcase classname="com.exelenter.testcases.LoginTest" name="validAdminLogin" time="6.897"/>
  <system-out/>
</testsuite> <!-- com.exelenter.testcases.LoginTest -->
