<?xml version="1.0" encoding="UTF-8"?>
<!-- Generated by org.testng.reporters.JUnitReportReporter -->
<testsuite hostname="DESKTOP-0T3LLVM" failures="0" tests="1" name="com.exelenter.testcases.AddEmployeeTest" time="10.543" errors="0" timestamp="2023-02-22T22:17:00 EST" skipped="0">
  <testcase classname="com.exelenter.testcases.AddEmployeeTest" name="addEmployeeTest" time="10.543"/>
  <system-out/>
</testsuite> <!-- com.exelenter.testcases.AddEmployeeTest -->
