<?xml version="1.0" encoding="UTF-8"?>
<!-- Generated by org.testng.reporters.JUnitReportReporter -->
<testsuite hostname="DESKTOP-0T3LLVM" failures="0" tests="1" name="com.exelenter.testcases.LoginTest" time="8.922" errors="0" timestamp="2023-03-20T21:30:39 EDT" skipped="0">
  <testcase classname="com.exelenter.testcases.LoginTest" name="print" time="8.922"/>
  <system-out/>
</testsuite> <!-- com.exelenter.testcases.LoginTest -->
