<?xml version="1.0" encoding="UTF-8"?>
<!-- Generated by org.testng.reporters.JUnitReportReporter -->
<testsuite hostname="DESKTOP-0T3LLVM" failures="0" tests="8" name="com.exelenter.testcases.LoginTestNegative" time="36.349" errors="0" timestamp="2023-02-26T20:26:16 EST" skipped="0">
  <testcase classname="com.exelenter.testcases.LoginTestNegative" name="userLogin" time="5.593"/>
  <system-out/>
  <testcase classname="com.exelenter.testcases.LoginTestNegative" name="userLogin" time="3.941"/>
  <system-out/>
  <testcase classname="com.exelenter.testcases.LoginTestNegative" name="userLogin" time="4.021"/>
  <system-out/>
  <testcase classname="com.exelenter.testcases.LoginTestNegative" name="userLogin" time="4.792"/>
  <system-out/>
  <testcase classname="com.exelenter.testcases.LoginTestNegative" name="userLogin" time="4.285"/>
  <system-out/>
  <testcase classname="com.exelenter.testcases.LoginTestNegative" name="userLogin" time="4.057"/>
  <system-out/>
  <testcase classname="com.exelenter.testcases.LoginTestNegative" name="userLogin" time="5.558"/>
  <system-out/>
  <testcase classname="com.exelenter.testcases.LoginTestNegative" name="userLogin" time="4.102"/>
  <system-out/>
</testsuite> <!-- com.exelenter.testcases.LoginTestNegative -->
