<?xml version="1.0" encoding="UTF-8"?>
<!-- Generated by org.testng.reporters.JUnitReportReporter -->
<testsuite hostname="DESKTOP-0T3LLVM" failures="0" tests="1" name="com.exelenter.testcases.AddEmployeeTest" time="12.654" errors="0" timestamp="2023-03-18T15:34:16 EDT" skipped="0">
  <testcase classname="com.exelenter.testcases.AddEmployeeTest" name="addEmployeeTest" time="12.654"/>
  <system-out/>
</testsuite> <!-- com.exelenter.testcases.AddEmployeeTest -->
