<?xml version="1.0" encoding="UTF-8"?>
<!-- Generated by org.testng.reporters.JUnitReportReporter -->
<testsuite hostname="DESKTOP-0T3LLVM" failures="0" tests="1" name="com.exelenter.testcases.TestCase" time="0.007" errors="0" timestamp="2023-02-23T14:46:05 EST" skipped="0">
  <testcase classname="com.exelenter.testcases.TestCase" name="print" time="0.007"/>
  <system-out/>
</testsuite> <!-- com.exelenter.testcases.TestCase -->
