<?xml version="1.0" encoding="UTF-8"?>
<!-- Generated by org.testng.reporters.JUnitReportReporter -->
<testsuite hostname="DESKTOP-0T3LLVM" failures="0" tests="1" name="com.exelenter.testcases.AddEmployeeTest" time="11.405" errors="0" timestamp="2023-02-26T20:40:12 EST" skipped="0">
  <testcase classname="com.exelenter.testcases.AddEmployeeTest" name="addEmployeeTest" time="11.405"/>
  <system-out/>
</testsuite> <!-- com.exelenter.testcases.AddEmployeeTest -->
