<?xml version="1.0" encoding="UTF-8"?>
<!-- Generated by org.testng.reporters.JUnitReportReporter -->
<testsuite hostname="DESKTOP-0T3LLVM" failures="0" tests="3" name="com.exelenter.testcases.LoginTest" time="13.273" errors="0" timestamp="2023-02-27T22:19:07 EST" skipped="0">
  <testcase classname="com.exelenter.testcases.LoginTest" name="validUserInvalidPassword" time="4.502"/>
  <system-out/>
  <testcase classname="com.exelenter.testcases.LoginTest" name="validAdminLogin" time="4.918"/>
  <system-out/>
  <testcase classname="com.exelenter.testcases.LoginTest" name="validUserAnEmptyPassword" time="3.853"/>
  <system-out/>
</testsuite> <!-- com.exelenter.testcases.LoginTest -->
