<?xml version="1.0" encoding="UTF-8"?>
<!-- Generated by org.testng.reporters.JUnitReportReporter -->
<testsuite hostname="DESKTOP-0T3LLVM" failures="0" tests="3" name="com.exelenter.testcases.LoginTest" time="21.248" errors="0" timestamp="2023-03-18T15:31:24 EDT" skipped="0">
  <testcase classname="com.exelenter.testcases.LoginTest" name="validUserInvalidPassword" time="6.834"/>
  <system-out/>
  <testcase classname="com.exelenter.testcases.LoginTest" name="validAdminLogin" time="7.879"/>
  <system-out/>
  <testcase classname="com.exelenter.testcases.LoginTest" name="validUserAnEmptyPassword" time="6.535"/>
  <system-out/>
</testsuite> <!-- com.exelenter.testcases.LoginTest -->
